<?xml version="1.0" encoding="UTF-8"?>
<testsuite xmlns:xsi="http://www.w3.org/2001/XMLSchema-instance" xsi:noNamespaceSchemaLocation="https://maven.apache.org/surefire/maven-failsafe-plugin/xsd/failsafe-test-report.xsd" name="fish.payara.tests.LdapIdentityStoreServletIT" time="18.355" tests="3" errors="0" skipped="0" failures="0">
  <properties>
[...]
</properties>
  <testcase name="testGetSecuredPageShouldFail401" classname="fish.payara.tests.LdapIdentityStoreServletIT" time="1.726"/>
  <testcase name="testGetSecuredPageShouldFail403" classname="fish.payara.tests.LdapIdentityStoreServletIT" time="0.138"/>
  <testcase name="testGetSecuredPageShouldSucceed" classname="fish.payara.tests.LdapIdentityStoreServletIT" time="0.076"/>
</testsuite>